e:\higengine\trunk\lib\libdxfrw\src\intern/dwgbuffer.h(70): warning C4244: '인수' : 'duint64'에서 'int'(으)로 변환하면서 데이터가 손실될 수 있습니다.
e:\higengine\trunk\lib\libdxfrw\src\intern/dwgbuffer.h(137): warning C4244: 'return' : 'duint64'에서 'int'(으)로 변환하면서 데이터가 손실될 수 있습니다.
e:\higengine\trunk\lib\libdxfrw\src\drw_entities.h(935): warning C4267: '=' : 'size_t'에서 'int'(으)로 변환하면서 데이터가 손실될 수 있습니다.
e:\higengine\trunk\lib\libdxfrw\src\intern/dwgbuffer.h(70): warning C4244: '인수' : 'duint64'에서 'int'(으)로 변환하면서 데이터가 손실될 수 있습니다.
e:\higengine\trunk\lib\libdxfrw\src\intern/dwgbuffer.h(137): warning C4244: 'return' : 'duint64'에서 'int'(으)로 변환하면서 데이터가 손실될 수 있습니다.
..\src\drw_entities.cpp(208): warning C4244: '초기화 중' : 'duint64'에서 'duint32'(으)로 변환하면서 데이터가 손실될 수 있습니다.
..\src\drw_entities.cpp(552): warning C4800: 'duint8' : 'true' 또는 'false'로 bool 값을 강제하고 있습니다(성능 경고).
..\src\drw_entities.cpp(765): warning C4819: 현재 코드 페이지(949)에서 표시할 수 없는 문자가 파일에 들어 있습니다. 데이터가 손실되지 않게 하려면 해당 파일을 유니코드 형식으로 저장하십시오.
..\src\drw_entities.cpp(932): warning C4800: 'duint8' : 'true' 또는 'false'로 bool 값을 강제하고 있습니다(성능 경고).
..\src\drw_entities.cpp(933): warning C4800: 'duint8' : 'true' 또는 'false'로 bool 값을 강제하고 있습니다(성능 경고).
..\src\drw_entities.cpp(1077): warning C4800: 'duint8' : 'true' 또는 'false'로 bool 값을 강제하고 있습니다(성능 경고).
..\src\drw_entities.cpp(1873): warning C4805: '|=' : 연산에 'bool' 형식과 'int' 형식을 함께 사용하는 것은 안전하지 않습니다.
..\src\drw_entities.cpp(1873): warning C4805: '|' : 연산에 'bool' 형식과 'int' 형식을 함께 사용하는 것은 안전하지 않습니다.
..\src\drw_entities.cpp(1873): warning C4800: 'int' : 'true' 또는 'false'로 bool 값을 강제하고 있습니다(성능 경고).
..\src\drw_entities.cpp(1900): warning C4800: 'duint8' : 'true' 또는 'false'로 bool 값을 강제하고 있습니다(성능 경고).
..\src\drw_entities.cpp(1931): warning C4800: 'duint8' : 'true' 또는 'false'로 bool 값을 강제하고 있습니다(성능 경고).
..\src\drw_entities.cpp(2249): warning C4800: 'duint8' : 'true' 또는 'false'로 bool 값을 강제하고 있습니다(성능 경고).
..\src\drw_entities.cpp(2421): warning C4800: 'duint8' : 'true' 또는 'false'로 bool 값을 강제하고 있습니다(성능 경고).
..\src\drw_entities.cpp(2422): warning C4800: 'duint8' : 'true' 또는 'false'로 bool 값을 강제하고 있습니다(성능 경고).
..\src\drw_entities.cpp(2423): warning C4800: 'duint8' : 'true' 또는 'false'로 bool 값을 강제하고 있습니다(성능 경고).
e:\higengine\trunk\lib\libdxfrw\src\intern/dwgbuffer.h(70): warning C4244: '인수' : 'duint64'에서 'int'(으)로 변환하면서 데이터가 손실될 수 있습니다.
e:\higengine\trunk\lib\libdxfrw\src\intern/dwgbuffer.h(137): warning C4244: 'return' : 'duint64'에서 'int'(으)로 변환하면서 데이터가 손실될 수 있습니다.
e:\higengine\trunk\lib\libdxfrw\src\intern/dwgbuffer.h(70): warning C4244: '인수' : 'duint64'에서 'int'(으)로 변환하면서 데이터가 손실될 수 있습니다.
e:\higengine\trunk\lib\libdxfrw\src\intern/dwgbuffer.h(137): warning C4244: 'return' : 'duint64'에서 'int'(으)로 변환하면서 데이터가 손실될 수 있습니다.
..\src\drw_objects.cpp(98): warning C4244: '초기화 중' : 'duint64'에서 'duint32'(으)로 변환하면서 데이터가 손실될 수 있습니다.
..\src\drw_objects.cpp(135): warning C4244: '초기화 중' : 'duint64'에서 'int'(으)로 변환하면서 데이터가 손실될 수 있습니다.
..\src\drw_objects.cpp(460): warning C4267: '=' : 'size_t'에서 'int'(으)로 변환하면서 데이터가 손실될 수 있습니다.
..\src\drw_objects.cpp(698): warning C4800: 'duint8' : 'true' 또는 'false'로 bool 값을 강제하고 있습니다(성능 경고).
..\src\drw_objects.cpp(699): warning C4800: 'duint8' : 'true' 또는 'false'로 bool 값을 강제하고 있습니다(성능 경고).
..\src\drw_objects.cpp(730): warning C4800: 'duint8' : 'true' 또는 'false'로 bool 값을 강제하고 있습니다(성능 경고).
e:\higengine\trunk\lib\libdxfrw\src\intern\dwgbuffer.h(70): warning C4244: '인수' : 'duint64'에서 'int'(으)로 변환하면서 데이터가 손실될 수 있습니다.
e:\higengine\trunk\lib\libdxfrw\src\intern\dwgbuffer.h(137): warning C4244: 'return' : 'duint64'에서 'int'(으)로 변환하면서 데이터가 손실될 수 있습니다.
e:\higengine\trunk\lib\libdxfrw\src\drw_entities.h(935): warning C4267: '=' : 'size_t'에서 'int'(으)로 변환하면서 데이터가 손실될 수 있습니다.
..\src\intern\dwgbuffer.cpp(157): warning C4244: '=' : 'duint64'에서 'int'(으)로 변환하면서 데이터가 손실될 수 있습니다.
..\src\intern\dwgbuffer.cpp(164): warning C4244: '=' : 'duint64'에서 'int'(으)로 변환하면서 데이터가 손실될 수 있습니다.
..\src\intern\dwgbuffer.cpp(172): warning C4244: '=' : 'duint64'에서 'int'(으)로 변환하면서 데이터가 손실될 수 있습니다.
..\src\intern\dwgbuffer.cpp(860): warning C4244: '초기화 중' : 'duint64'에서 'int'(으)로 변환하면서 데이터가 손실될 수 있습니다.
..\src\intern\dwgbuffer.cpp(883): warning C4244: '초기화 중' : 'duint64'에서 'int'(으)로 변환하면서 데이터가 손실될 수 있습니다.
e:\higengine\trunk\lib\libdxfrw\src\intern\dwgbuffer.h(70): warning C4244: '인수' : 'duint64'에서 'int'(으)로 변환하면서 데이터가 손실될 수 있습니다.
e:\higengine\trunk\lib\libdxfrw\src\intern\dwgbuffer.h(137): warning C4244: 'return' : 'duint64'에서 'int'(으)로 변환하면서 데이터가 손실될 수 있습니다.
e:\higengine\trunk\lib\libdxfrw\src\drw_entities.h(935): warning C4267: '=' : 'size_t'에서 'int'(으)로 변환하면서 데이터가 손실될 수 있습니다.
..\src\intern\dwgreader.cpp(163): warning C4244: '=' : 'duint64'에서 'int'(으)로 변환하면서 데이터가 손실될 수 있습니다.
e:\higengine\trunk\lib\libdxfrw\src\intern\dwgbuffer.h(70): warning C4244: '인수' : 'duint64'에서 'int'(으)로 변환하면서 데이터가 손실될 수 있습니다.
e:\higengine\trunk\lib\libdxfrw\src\intern\dwgbuffer.h(137): warning C4244: 'return' : 'duint64'에서 'int'(으)로 변환하면서 데이터가 손실될 수 있습니다.
e:\higengine\trunk\lib\libdxfrw\src\drw_entities.h(935): warning C4267: '=' : 'size_t'에서 'int'(으)로 변환하면서 데이터가 손실될 수 있습니다.
..\src\intern\dwgreader15.cpp(91): warning C4244: '인수' : 'duint64'에서 'dint32'(으)로 변환하면서 데이터가 손실될 수 있습니다.
..\src\intern\dwgreader15.cpp(126): warning C4244: '인수' : 'duint64'에서 'int'(으)로 변환하면서 데이터가 손실될 수 있습니다.
..\src\intern\dwgreader15.cpp(127): warning C4244: '인수' : 'duint64'에서 'int'(으)로 변환하면서 데이터가 손실될 수 있습니다.
..\src\intern\dwgreader15.cpp(175): warning C4244: '인수' : 'duint64'에서 'duint32'(으)로 변환하면서 데이터가 손실될 수 있습니다.
..\src\intern\dwgreader15.cpp(175): warning C4244: '인수' : 'duint64'에서 'duint32'(으)로 변환하면서 데이터가 손실될 수 있습니다.
e:\higengine\trunk\lib\libdxfrw\src\intern\dwgbuffer.h(70): warning C4244: '인수' : 'duint64'에서 'int'(으)로 변환하면서 데이터가 손실될 수 있습니다.
e:\higengine\trunk\lib\libdxfrw\src\intern\dwgbuffer.h(137): warning C4244: 'return' : 'duint64'에서 'int'(으)로 변환하면서 데이터가 손실될 수 있습니다.
e:\higengine\trunk\lib\libdxfrw\src\drw_entities.h(935): warning C4267: '=' : 'size_t'에서 'int'(으)로 변환하면서 데이터가 손실될 수 있습니다.
e:\higengine\trunk\lib\libdxfrw\src\intern\dwgreader18.h(61): warning C4244: '인수' : 'duint64'에서 'int'(으)로 변환하면서 데이터가 손실될 수 있습니다.
e:\higengine\trunk\lib\libdxfrw\src\intern\dwgreader18.h(68): warning C4244: '인수' : 'duint64'에서 'int'(으)로 변환하면서 데이터가 손실될 수 있습니다.
e:\higengine\trunk\lib\libdxfrw\src\intern\dwgreader18.h(74): warning C4244: '인수' : 'duint64'에서 'int'(으)로 변환하면서 데이터가 손실될 수 있습니다.
..\src\intern\dwgreader18.cpp(119): warning C4244: '인수' : 'duint64'에서 'duint32'(으)로 변환하면서 데이터가 손실될 수 있습니다.
..\src\intern\dwgreader18.cpp(153): warning C4244: '인수' : 'duint64'에서 'int'(으)로 변환하면서 데이터가 손실될 수 있습니다.
..\src\intern\dwgreader18.cpp(156): warning C4244: '인수' : 'duint64'에서 'duint32'(으)로 변환하면서 데이터가 손실될 수 있습니다.
..\src\intern\dwgreader18.cpp(167): warning C4244: '인수' : 'duint64'에서 'duint32'(으)로 변환하면서 데이터가 손실될 수 있습니다.
..\src\intern\dwgreader18.cpp(167): warning C4244: '인수' : 'duint64'에서 'duint32'(으)로 변환하면서 데이터가 손실될 수 있습니다.
..\src\intern\dwgreader18.cpp(385): warning C4244: '=' : 'duint64'에서 'duint32'(으)로 변환하면서 데이터가 손실될 수 있습니다.
..\src\intern\dwgreader18.cpp(416): warning C4244: '인수' : 'duint64'에서 'int'(으)로 변환하면서 데이터가 손실될 수 있습니다.
..\src\intern\dwgreader18.cpp(422): warning C4244: '인수' : 'duint64'에서 'int'(으)로 변환하면서 데이터가 손실될 수 있습니다.
..\src\intern\dwgreader18.cpp(445): warning C4244: '인수' : 'duint64'에서 'int'(으)로 변환하면서 데이터가 손실될 수 있습니다.
..\src\intern\dwgreader18.cpp(469): warning C4244: '인수' : 'duint64'에서 'int'(으)로 변환하면서 데이터가 손실될 수 있습니다.
..\src\intern\dwgreader18.cpp(557): warning C4244: '인수' : 'duint64'에서 'int'(으)로 변환하면서 데이터가 손실될 수 있습니다.
..\src\intern\dwgreader18.cpp(559): warning C4244: '인수' : 'duint64'에서 'duint32'(으)로 변환하면서 데이터가 손실될 수 있습니다.
..\src\intern\dwgreader18.cpp(587): warning C4244: '인수' : 'duint64'에서 'int'(으)로 변환하면서 데이터가 손실될 수 있습니다.
e:\higengine\trunk\lib\libdxfrw\src\intern\dwgbuffer.h(70): warning C4244: '인수' : 'duint64'에서 'int'(으)로 변환하면서 데이터가 손실될 수 있습니다.
e:\higengine\trunk\lib\libdxfrw\src\intern\dwgbuffer.h(137): warning C4244: 'return' : 'duint64'에서 'int'(으)로 변환하면서 데이터가 손실될 수 있습니다.
e:\higengine\trunk\lib\libdxfrw\src\drw_entities.h(935): warning C4267: '=' : 'size_t'에서 'int'(으)로 변환하면서 데이터가 손실될 수 있습니다.
e:\higengine\trunk\lib\libdxfrw\src\intern\dwgreader21.h(42): warning C4244: '인수' : 'duint64'에서 'int'(으)로 변환하면서 데이터가 손실될 수 있습니다.
e:\higengine\trunk\lib\libdxfrw\src\intern\dwgreader21.h(48): warning C4244: '인수' : 'duint64'에서 'int'(으)로 변환하면서 데이터가 손실될 수 있습니다.
..\src\intern\dwgreader21.cpp(62): warning C4244: '초기화 중' : 'duint64'에서 'duint32'(으)로 변환하면서 데이터가 손실될 수 있습니다.
..\src\intern\dwgreader21.cpp(68): warning C4244: '인수' : 'duint64'에서 'int'(으)로 변환하면서 데이터가 손실될 수 있습니다.
..\src\intern\dwgreader21.cpp(70): warning C4244: '인수' : 'duint64'에서 'duint32'(으)로 변환하면서 데이터가 손실될 수 있습니다.
..\src\intern\dwgreader21.cpp(71): warning C4244: '인수' : 'duint64'에서 'duint32'(으)로 변환하면서 데이터가 손실될 수 있습니다.
..\src\intern\dwgreader21.cpp(71): warning C4244: '인수' : 'duint64'에서 'duint32'(으)로 변환하면서 데이터가 손실될 수 있습니다.
..\src\intern\dwgreader21.cpp(85): warning C4244: '인수' : 'duint64'에서 'int'(으)로 변환하면서 데이터가 손실될 수 있습니다.
..\src\intern\dwgreader21.cpp(96): warning C4244: '초기화 중' : 'duint64'에서 'duint8'(으)로 변환하면서 데이터가 손실될 수 있습니다.
..\src\intern\dwgreader21.cpp(110): warning C4244: '인수' : 'duint64'에서 'duint32'(으)로 변환하면서 데이터가 손실될 수 있습니다.
..\src\intern\dwgreader21.cpp(110): warning C4244: '인수' : 'duint64'에서 'duint32'(으)로 변환하면서 데이터가 손실될 수 있습니다.
..\src\intern\dwgreader21.cpp(239): warning C4244: '인수' : 'duint64'에서 'int'(으)로 변환하면서 데이터가 손실될 수 있습니다.
..\src\intern\dwgreader21.cpp(252): warning C4244: '인수' : 'duint64'에서 'const unsigned int'(으)로 변환하면서 데이터가 손실될 수 있습니다.
..\src\intern\dwgreader21.cpp(252): warning C4244: '인수' : 'duint64'에서 'duint32'(으)로 변환하면서 데이터가 손실될 수 있습니다.
..\src\intern\dwgreader21.cpp(261): warning C4244: '인수' : 'duint64'에서 'const unsigned int'(으)로 변환하면서 데이터가 손실될 수 있습니다.
..\src\intern\dwgreader21.cpp(269): warning C4244: '인수' : 'duint64'에서 'int'(으)로 변환하면서 데이터가 손실될 수 있습니다.
..\src\intern\dwgreader21.cpp(277): warning C4244: '=' : 'duint64'에서 'duint32'(으)로 변환하면서 데이터가 손실될 수 있습니다.
..\src\intern\dwgreader21.cpp(284): warning C4244: '=' : 'duint64'에서 'duint32'(으)로 변환하면서 데이터가 손실될 수 있습니다.
..\src\intern\dwgreader21.cpp(288): warning C4244: '인수' : 'duint64'에서 'duint16'(으)로 변환하면서 데이터가 손실될 수 있습니다.
..\src\intern\dwgreader21.cpp(293): warning C4244: '초기화 중' : 'duint64'에서 'duint32'(으)로 변환하면서 데이터가 손실될 수 있습니다.
..\src\intern\dwgreader21.cpp(294): warning C4244: '초기화 중' : 'duint64'에서 'duint32'(으)로 변환하면서 데이터가 손실될 수 있습니다.
..\src\intern\dwgreader21.cpp(298): warning C4244: '=' : 'duint64'에서 'duint32'(으)로 변환하면서 데이터가 손실될 수 있습니다.
..\src\intern\dwgreader21.cpp(342): warning C4244: '인수' : 'duint64'에서 'int'(으)로 변환하면서 데이터가 손실될 수 있습니다.
..\src\intern\dwgreader21.cpp(343): warning C4244: '인수' : 'duint64'에서 'int'(으)로 변환하면서 데이터가 손실될 수 있습니다.
..\src\intern\dwgreader21.cpp(363): warning C4244: '인수' : 'duint64'에서 'int'(으)로 변환하면서 데이터가 손실될 수 있습니다.
..\src\intern\dwgreader21.cpp(381): warning C4244: '인수' : 'duint64'에서 'int'(으)로 변환하면서 데이터가 손실될 수 있습니다.
..\src\intern\dwgreader21.cpp(447): warning C4244: '인수' : 'duint64'에서 'int'(으)로 변환하면서 데이터가 손실될 수 있습니다.
..\src\intern\dwgreader21.cpp(449): warning C4244: '인수' : 'duint64'에서 'duint32'(으)로 변환하면서 데이터가 손실될 수 있습니다.
..\src\intern\dwgreader21.cpp(473): warning C4244: '인수' : 'duint64'에서 'int'(으)로 변환하면서 데이터가 손실될 수 있습니다.
..\src\intern\dwgreader21.cpp(482): warning C4244: '인수' : 'duint64'에서 'int'(으)로 변환하면서 데이터가 손실될 수 있습니다.
e:\higengine\trunk\lib\libdxfrw\src\intern\dwgbuffer.h(70): warning C4244: '인수' : 'duint64'에서 'int'(으)로 변환하면서 데이터가 손실될 수 있습니다.
e:\higengine\trunk\lib\libdxfrw\src\intern\dwgbuffer.h(137): warning C4244: 'return' : 'duint64'에서 'int'(으)로 변환하면서 데이터가 손실될 수 있습니다.
e:\higengine\trunk\lib\libdxfrw\src\drw_entities.h(935): warning C4267: '=' : 'size_t'에서 'int'(으)로 변환하면서 데이터가 손실될 수 있습니다.
e:\higengine\trunk\lib\libdxfrw\src\intern\dwgreader18.h(61): warning C4244: '인수' : 'duint64'에서 'int'(으)로 변환하면서 데이터가 손실될 수 있습니다.
e:\higengine\trunk\lib\libdxfrw\src\intern\dwgreader18.h(68): warning C4244: '인수' : 'duint64'에서 'int'(으)로 변환하면서 데이터가 손실될 수 있습니다.
e:\higengine\trunk\lib\libdxfrw\src\intern\dwgreader18.h(74): warning C4244: '인수' : 'duint64'에서 'int'(으)로 변환하면서 데이터가 손실될 수 있습니다.
e:\higengine\trunk\lib\libdxfrw\src\intern\dwgreader24.h(33): warning C4244: '인수' : 'duint64'에서 'int'(으)로 변환하면서 데이터가 손실될 수 있습니다.
e:\higengine\trunk\lib\libdxfrw\src\intern\dwgreader24.h(39): warning C4244: '인수' : 'duint64'에서 'int'(으)로 변환하면서 데이터가 손실될 수 있습니다.
e:\higengine\trunk\lib\libdxfrw\src\intern\dwgreader24.h(45): warning C4244: '인수' : 'duint64'에서 'int'(으)로 변환하면서 데이터가 손실될 수 있습니다.
e:\higengine\trunk\lib\libdxfrw\src\intern\dwgbuffer.h(70): warning C4244: '인수' : 'duint64'에서 'int'(으)로 변환하면서 데이터가 손실될 수 있습니다.
e:\higengine\trunk\lib\libdxfrw\src\intern\dwgbuffer.h(137): warning C4244: 'return' : 'duint64'에서 'int'(으)로 변환하면서 데이터가 손실될 수 있습니다.
e:\higengine\trunk\lib\libdxfrw\src\drw_entities.h(935): warning C4267: '=' : 'size_t'에서 'int'(으)로 변환하면서 데이터가 손실될 수 있습니다.
e:\higengine\trunk\lib\libdxfrw\src\intern\dwgreader18.h(61): warning C4244: '인수' : 'duint64'에서 'int'(으)로 변환하면서 데이터가 손실될 수 있습니다.
e:\higengine\trunk\lib\libdxfrw\src\intern\dwgreader18.h(68): warning C4244: '인수' : 'duint64'에서 'int'(으)로 변환하면서 데이터가 손실될 수 있습니다.
e:\higengine\trunk\lib\libdxfrw\src\intern\dwgreader18.h(74): warning C4244: '인수' : 'duint64'에서 'int'(으)로 변환하면서 데이터가 손실될 수 있습니다.
e:\higengine\trunk\lib\libdxfrw\src\intern\dwgreader27.h(33): warning C4244: '인수' : 'duint64'에서 'int'(으)로 변환하면서 데이터가 손실될 수 있습니다.
e:\higengine\trunk\lib\libdxfrw\src\intern\dwgreader27.h(39): warning C4244: '인수' : 'duint64'에서 'int'(으)로 변환하면서 데이터가 손실될 수 있습니다.
e:\higengine\trunk\lib\libdxfrw\src\intern\dwgreader27.h(45): warning C4244: '인수' : 'duint64'에서 'int'(으)로 변환하면서 데이터가 손실될 수 있습니다.
e:\higengine\trunk\lib\libdxfrw\src\drw_entities.h(935): warning C4267: '=' : 'size_t'에서 'int'(으)로 변환하면서 데이터가 손실될 수 있습니다.
..\src\intern\dxfwriter.cpp(178): warning C4244: '=' : 'unsigned __int64'에서 'char'(으)로 변환하면서 데이터가 손실될 수 있습니다.
..\src\intern\dxfwriter.cpp(179): warning C4244: '=' : 'unsigned __int64'에서 'char'(으)로 변환하면서 데이터가 손실될 수 있습니다.
..\src\intern\dxfwriter.cpp(180): warning C4244: '=' : 'unsigned __int64'에서 'char'(으)로 변환하면서 데이터가 손실될 수 있습니다.
..\src\intern\dxfwriter.cpp(181): warning C4244: '=' : 'unsigned __int64'에서 'char'(으)로 변환하면서 데이터가 손실될 수 있습니다.
..\src\intern\dxfwriter.cpp(182): warning C4244: '=' : 'unsigned __int64'에서 'char'(으)로 변환하면서 데이터가 손실될 수 있습니다.
..\src\intern\dxfwriter.cpp(183): warning C4244: '=' : 'unsigned __int64'에서 'char'(으)로 변환하면서 데이터가 손실될 수 있습니다.
e:\higengine\trunk\lib\libdxfrw\src\drw_entities.h(935): warning C4267: '=' : 'size_t'에서 'int'(으)로 변환하면서 데이터가 손실될 수 있습니다.
e:\higengine\trunk\lib\libdxfrw\src\intern\dwgbuffer.h(70): warning C4244: '인수' : 'duint64'에서 'int'(으)로 변환하면서 데이터가 손실될 수 있습니다.
e:\higengine\trunk\lib\libdxfrw\src\intern\dwgbuffer.h(137): warning C4244: 'return' : 'duint64'에서 'int'(으)로 변환하면서 데이터가 손실될 수 있습니다.
e:\higengine\trunk\lib\libdxfrw\src\intern/dwgreader18.h(61): warning C4244: '인수' : 'duint64'에서 'int'(으)로 변환하면서 데이터가 손실될 수 있습니다.
e:\higengine\trunk\lib\libdxfrw\src\intern/dwgreader18.h(68): warning C4244: '인수' : 'duint64'에서 'int'(으)로 변환하면서 데이터가 손실될 수 있습니다.
e:\higengine\trunk\lib\libdxfrw\src\intern/dwgreader18.h(74): warning C4244: '인수' : 'duint64'에서 'int'(으)로 변환하면서 데이터가 손실될 수 있습니다.
e:\higengine\trunk\lib\libdxfrw\src\intern/dwgreader21.h(42): warning C4244: '인수' : 'duint64'에서 'int'(으)로 변환하면서 데이터가 손실될 수 있습니다.
e:\higengine\trunk\lib\libdxfrw\src\intern/dwgreader21.h(48): warning C4244: '인수' : 'duint64'에서 'int'(으)로 변환하면서 데이터가 손실될 수 있습니다.
e:\higengine\trunk\lib\libdxfrw\src\intern/dwgreader24.h(33): warning C4244: '인수' : 'duint64'에서 'int'(으)로 변환하면서 데이터가 손실될 수 있습니다.
e:\higengine\trunk\lib\libdxfrw\src\intern/dwgreader24.h(39): warning C4244: '인수' : 'duint64'에서 'int'(으)로 변환하면서 데이터가 손실될 수 있습니다.
e:\higengine\trunk\lib\libdxfrw\src\intern/dwgreader24.h(45): warning C4244: '인수' : 'duint64'에서 'int'(으)로 변환하면서 데이터가 손실될 수 있습니다.
e:\higengine\trunk\lib\libdxfrw\src\intern/dwgreader27.h(33): warning C4244: '인수' : 'duint64'에서 'int'(으)로 변환하면서 데이터가 손실될 수 있습니다.
e:\higengine\trunk\lib\libdxfrw\src\intern/dwgreader27.h(39): warning C4244: '인수' : 'duint64'에서 'int'(으)로 변환하면서 데이터가 손실될 수 있습니다.
e:\higengine\trunk\lib\libdxfrw\src\intern/dwgreader27.h(45): warning C4244: '인수' : 'duint64'에서 'int'(으)로 변환하면서 데이터가 손실될 수 있습니다.
..\src\libdwgr.cpp(99): warning C4244: '인수' : 'duint64'에서 'int'(으)로 변환하면서 데이터가 손실될 수 있습니다.
..\src\libdwgr.cpp(100): warning C4244: '인수' : 'duint64'에서 'int'(으)로 변환하면서 데이터가 손실될 수 있습니다.
e:\higengine\trunk\lib\libdxfrw\src\drw_entities.h(935): warning C4267: '=' : 'size_t'에서 'int'(으)로 변환하면서 데이터가 손실될 수 있습니다.
..\src\libdxfrw.cpp(734): warning C4267: '=' : 'size_t'에서 'int'(으)로 변환하면서 데이터가 손실될 수 있습니다.
..\src\libdxfrw.cpp(802): warning C4267: '초기화 중' : 'size_t'에서 'int'(으)로 변환하면서 데이터가 손실될 수 있습니다.
..\src\libdxfrw.cpp(900): warning C4267: '=' : 'size_t'에서 'int'(으)로 변환하면서 데이터가 손실될 수 있습니다.
..\src\libdxfrw.cpp(988): warning C4244: '인수' : 'unsigned __int64'에서 'double'(으)로 변환하면서 데이터가 손실될 수 있습니다.
